Start testing: Dec 15 00:12 UTC
----------------------------------------------------------
1/1 Testing: print_ip_tests
1/1 Test: print_ip_tests
Command: "/home/travis/build/rj-ashatalov/otuscpp-hw-05/test_version"
Directory: /home/travis/build/rj-ashatalov/otuscpp-hw-05
"print_ip_tests" start time: Dec 15 00:12 UTC
Output:
----------------------------------------------------------
Running 2 test cases...

*** No errors detected
<end of output>
Test time =   0.00 sec
----------------------------------------------------------
Test Passed.
"print_ip_tests" end time: Dec 15 00:12 UTC
"print_ip_tests" time elapsed: 00:00:00
----------------------------------------------------------

End testing: Dec 15 00:12 UTC
